<testsuites id="" name="" tests="35" failures="35" skipped="0" errors="0" time="11.414684999999999">
<testsuite name="articles.spec.ts" timestamp="2025-09-17T03:25:40.635Z" hostname="chromium" tests="7" failures="7" skipped="0" time="0.061" errors="0">
<testcase name="文章页面 - 网络条件测试 › 快速网络 - 文章列表加载性能" classname="articles.spec.ts" time="0.005">
<failure message="articles.spec.ts:39:7 快速网络 - 文章列表加载性能" type="FAILURE">
<![CDATA[  [chromium] › articles.spec.ts:39:7 › 文章页面 - 网络条件测试 › 快速网络 - 文章列表加载性能 ─────────────────────────────

    Error: browserType.launch: Executable doesn't exist at /Users/peterpc/Library/Caches/ms-playwright/chromium_headless_shell-1187/chrome-mac/headless_shell
    ╔═════════════════════════════════════════════════════════════════════════╗
    ║ Looks like Playwright Test or Playwright was just installed or updated. ║
    ║ Please run the following command to download new browsers:              ║
    ║                                                                         ║
    ║     npx playwright install                                              ║
    ║                                                                         ║
    ║ <3 Playwright Team                                                      ║
    ╚═════════════════════════════════════════════════════════════════════════╝
]]>
</failure>
</testcase>
<testcase name="文章页面 - 网络条件测试 › 慢速网络 - 文章列表加载和错误处理" classname="articles.spec.ts" time="0.005">
<failure message="articles.spec.ts:68:7 慢速网络 - 文章列表加载和错误处理" type="FAILURE">
<![CDATA[  [chromium] › articles.spec.ts:68:7 › 文章页面 - 网络条件测试 › 慢速网络 - 文章列表加载和错误处理 ──────────────────────────

    Error: browserType.launch: Executable doesn't exist at /Users/peterpc/Library/Caches/ms-playwright/chromium_headless_shell-1187/chrome-mac/headless_shell
    ╔═════════════════════════════════════════════════════════════════════════╗
    ║ Looks like Playwright Test or Playwright was just installed or updated. ║
    ║ Please run the following command to download new browsers:              ║
    ║                                                                         ║
    ║     npx playwright install                                              ║
    ║                                                                         ║
    ║ <3 Playwright Team                                                      ║
    ╚═════════════════════════════════════════════════════════════════════════╝
]]>
</failure>
</testcase>
<testcase name="文章页面 - 网络条件测试 › 网络中断 - 离线状态处理" classname="articles.spec.ts" time="0.007">
<failure message="articles.spec.ts:96:7 网络中断 - 离线状态处理" type="FAILURE">
<![CDATA[  [chromium] › articles.spec.ts:96:7 › 文章页面 - 网络条件测试 › 网络中断 - 离线状态处理 ───────────────────────────────

    Error: browserType.launch: Executable doesn't exist at /Users/peterpc/Library/Caches/ms-playwright/chromium_headless_shell-1187/chrome-mac/headless_shell
    ╔═════════════════════════════════════════════════════════════════════════╗
    ║ Looks like Playwright Test or Playwright was just installed or updated. ║
    ║ Please run the following command to download new browsers:              ║
    ║                                                                         ║
    ║     npx playwright install                                              ║
    ║                                                                         ║
    ║ <3 Playwright Team                                                      ║
    ╚═════════════════════════════════════════════════════════════════════════╝
]]>
</failure>
</testcase>
<testcase name="文章页面 - 网络条件测试 › 文章详情页 - 网络性能测试" classname="articles.spec.ts" time="0.005">
<failure message="articles.spec.ts:122:7 文章详情页 - 网络性能测试" type="FAILURE">
<![CDATA[  [chromium] › articles.spec.ts:122:7 › 文章页面 - 网络条件测试 › 文章详情页 - 网络性能测试 ─────────────────────────────

    Error: browserType.launch: Executable doesn't exist at /Users/peterpc/Library/Caches/ms-playwright/chromium_headless_shell-1187/chrome-mac/headless_shell
    ╔═════════════════════════════════════════════════════════════════════════╗
    ║ Looks like Playwright Test or Playwright was just installed or updated. ║
    ║ Please run the following command to download new browsers:              ║
    ║                                                                         ║
    ║     npx playwright install                                              ║
    ║                                                                         ║
    ║ <3 Playwright Team                                                      ║
    ╚═════════════════════════════════════════════════════════════════════════╝
]]>
</failure>
</testcase>
<testcase name="文章页面 - 网络条件测试 › API 重试机制测试" classname="articles.spec.ts" time="0.009">
<failure message="articles.spec.ts:153:7 API 重试机制测试" type="FAILURE">
<![CDATA[  [chromium] › articles.spec.ts:153:7 › 文章页面 - 网络条件测试 › API 重试机制测试 ─────────────────────────────────

    Error: browserType.launch: Executable doesn't exist at /Users/peterpc/Library/Caches/ms-playwright/chromium_headless_shell-1187/chrome-mac/headless_shell
    ╔═════════════════════════════════════════════════════════════════════════╗
    ║ Looks like Playwright Test or Playwright was just installed or updated. ║
    ║ Please run the following command to download new browsers:              ║
    ║                                                                         ║
    ║     npx playwright install                                              ║
    ║                                                                         ║
    ║ <3 Playwright Team                                                      ║
    ╚═════════════════════════════════════════════════════════════════════════╝
]]>
</failure>
</testcase>
<testcase name="文章页面 - 网络条件测试 › 缓存机制验证" classname="articles.spec.ts" time="0.02">
<failure message="articles.spec.ts:183:7 缓存机制验证" type="FAILURE">
<![CDATA[  [chromium] › articles.spec.ts:183:7 › 文章页面 - 网络条件测试 › 缓存机制验证 ─────────────────────────────────────

    Error: browserType.launch: Executable doesn't exist at /Users/peterpc/Library/Caches/ms-playwright/chromium_headless_shell-1187/chrome-mac/headless_shell
    ╔═════════════════════════════════════════════════════════════════════════╗
    ║ Looks like Playwright Test or Playwright was just installed or updated. ║
    ║ Please run the following command to download new browsers:              ║
    ║                                                                         ║
    ║     npx playwright install                                              ║
    ║                                                                         ║
    ║ <3 Playwright Team                                                      ║
    ╚═════════════════════════════════════════════════════════════════════════╝
]]>
</failure>
</testcase>
<testcase name="文章页面 - 网络条件测试 › 响应式设计 - 移动端性能" classname="articles.spec.ts" time="0.01">
<failure message="articles.spec.ts:206:7 响应式设计 - 移动端性能" type="FAILURE">
<![CDATA[  [chromium] › articles.spec.ts:206:7 › 文章页面 - 网络条件测试 › 响应式设计 - 移动端性能 ──────────────────────────────

    Error: browserType.launch: Executable doesn't exist at /Users/peterpc/Library/Caches/ms-playwright/chromium_headless_shell-1187/chrome-mac/headless_shell
    ╔═════════════════════════════════════════════════════════════════════════╗
    ║ Looks like Playwright Test or Playwright was just installed or updated. ║
    ║ Please run the following command to download new browsers:              ║
    ║                                                                         ║
    ║     npx playwright install                                              ║
    ║                                                                         ║
    ║ <3 Playwright Team                                                      ║
    ╚═════════════════════════════════════════════════════════════════════════╝
]]>
</failure>
</testcase>
</testsuite>
<testsuite name="articles.spec.ts" timestamp="2025-09-17T03:25:40.635Z" hostname="firefox" tests="7" failures="7" skipped="0" time="0.023" errors="0">
<testcase name="文章页面 - 网络条件测试 › 快速网络 - 文章列表加载性能" classname="articles.spec.ts" time="0.006">
<failure message="articles.spec.ts:39:7 快速网络 - 文章列表加载性能" type="FAILURE">
<![CDATA[  [firefox] › articles.spec.ts:39:7 › 文章页面 - 网络条件测试 › 快速网络 - 文章列表加载性能 ──────────────────────────────

    Error: browserType.launch: Executable doesn't exist at /Users/peterpc/Library/Caches/ms-playwright/firefox-1490/firefox/Nightly.app/Contents/MacOS/firefox
    ╔═════════════════════════════════════════════════════════════════════════╗
    ║ Looks like Playwright Test or Playwright was just installed or updated. ║
    ║ Please run the following command to download new browsers:              ║
    ║                                                                         ║
    ║     npx playwright install                                              ║
    ║                                                                         ║
    ║ <3 Playwright Team                                                      ║
    ╚═════════════════════════════════════════════════════════════════════════╝
]]>
</failure>
</testcase>
<testcase name="文章页面 - 网络条件测试 › 慢速网络 - 文章列表加载和错误处理" classname="articles.spec.ts" time="0.004">
<failure message="articles.spec.ts:68:7 慢速网络 - 文章列表加载和错误处理" type="FAILURE">
<![CDATA[  [firefox] › articles.spec.ts:68:7 › 文章页面 - 网络条件测试 › 慢速网络 - 文章列表加载和错误处理 ───────────────────────────

    Error: browserType.launch: Executable doesn't exist at /Users/peterpc/Library/Caches/ms-playwright/firefox-1490/firefox/Nightly.app/Contents/MacOS/firefox
    ╔═════════════════════════════════════════════════════════════════════════╗
    ║ Looks like Playwright Test or Playwright was just installed or updated. ║
    ║ Please run the following command to download new browsers:              ║
    ║                                                                         ║
    ║     npx playwright install                                              ║
    ║                                                                         ║
    ║ <3 Playwright Team                                                      ║
    ╚═════════════════════════════════════════════════════════════════════════╝
]]>
</failure>
</testcase>
<testcase name="文章页面 - 网络条件测试 › 网络中断 - 离线状态处理" classname="articles.spec.ts" time="0.002">
<failure message="articles.spec.ts:96:7 网络中断 - 离线状态处理" type="FAILURE">
<![CDATA[  [firefox] › articles.spec.ts:96:7 › 文章页面 - 网络条件测试 › 网络中断 - 离线状态处理 ────────────────────────────────

    Error: browserType.launch: Executable doesn't exist at /Users/peterpc/Library/Caches/ms-playwright/firefox-1490/firefox/Nightly.app/Contents/MacOS/firefox
    ╔═════════════════════════════════════════════════════════════════════════╗
    ║ Looks like Playwright Test or Playwright was just installed or updated. ║
    ║ Please run the following command to download new browsers:              ║
    ║                                                                         ║
    ║     npx playwright install                                              ║
    ║                                                                         ║
    ║ <3 Playwright Team                                                      ║
    ╚═════════════════════════════════════════════════════════════════════════╝
]]>
</failure>
</testcase>
<testcase name="文章页面 - 网络条件测试 › 文章详情页 - 网络性能测试" classname="articles.spec.ts" time="0.003">
<failure message="articles.spec.ts:122:7 文章详情页 - 网络性能测试" type="FAILURE">
<![CDATA[  [firefox] › articles.spec.ts:122:7 › 文章页面 - 网络条件测试 › 文章详情页 - 网络性能测试 ──────────────────────────────

    Error: browserType.launch: Executable doesn't exist at /Users/peterpc/Library/Caches/ms-playwright/firefox-1490/firefox/Nightly.app/Contents/MacOS/firefox
    ╔═════════════════════════════════════════════════════════════════════════╗
    ║ Looks like Playwright Test or Playwright was just installed or updated. ║
    ║ Please run the following command to download new browsers:              ║
    ║                                                                         ║
    ║     npx playwright install                                              ║
    ║                                                                         ║
    ║ <3 Playwright Team                                                      ║
    ╚═════════════════════════════════════════════════════════════════════════╝
]]>
</failure>
</testcase>
<testcase name="文章页面 - 网络条件测试 › API 重试机制测试" classname="articles.spec.ts" time="0.003">
<failure message="articles.spec.ts:153:7 API 重试机制测试" type="FAILURE">
<![CDATA[  [firefox] › articles.spec.ts:153:7 › 文章页面 - 网络条件测试 › API 重试机制测试 ──────────────────────────────────

    Error: browserType.launch: Executable doesn't exist at /Users/peterpc/Library/Caches/ms-playwright/firefox-1490/firefox/Nightly.app/Contents/MacOS/firefox
    ╔═════════════════════════════════════════════════════════════════════════╗
    ║ Looks like Playwright Test or Playwright was just installed or updated. ║
    ║ Please run the following command to download new browsers:              ║
    ║                                                                         ║
    ║     npx playwright install                                              ║
    ║                                                                         ║
    ║ <3 Playwright Team                                                      ║
    ╚═════════════════════════════════════════════════════════════════════════╝
]]>
</failure>
</testcase>
<testcase name="文章页面 - 网络条件测试 › 缓存机制验证" classname="articles.spec.ts" time="0.003">
<failure message="articles.spec.ts:183:7 缓存机制验证" type="FAILURE">
<![CDATA[  [firefox] › articles.spec.ts:183:7 › 文章页面 - 网络条件测试 › 缓存机制验证 ──────────────────────────────────────

    Error: browserType.launch: Executable doesn't exist at /Users/peterpc/Library/Caches/ms-playwright/firefox-1490/firefox/Nightly.app/Contents/MacOS/firefox
    ╔═════════════════════════════════════════════════════════════════════════╗
    ║ Looks like Playwright Test or Playwright was just installed or updated. ║
    ║ Please run the following command to download new browsers:              ║
    ║                                                                         ║
    ║     npx playwright install                                              ║
    ║                                                                         ║
    ║ <3 Playwright Team                                                      ║
    ╚═════════════════════════════════════════════════════════════════════════╝
]]>
</failure>
</testcase>
<testcase name="文章页面 - 网络条件测试 › 响应式设计 - 移动端性能" classname="articles.spec.ts" time="0.002">
<failure message="articles.spec.ts:206:7 响应式设计 - 移动端性能" type="FAILURE">
<![CDATA[  [firefox] › articles.spec.ts:206:7 › 文章页面 - 网络条件测试 › 响应式设计 - 移动端性能 ───────────────────────────────

    Error: browserType.launch: Executable doesn't exist at /Users/peterpc/Library/Caches/ms-playwright/firefox-1490/firefox/Nightly.app/Contents/MacOS/firefox
    ╔═════════════════════════════════════════════════════════════════════════╗
    ║ Looks like Playwright Test or Playwright was just installed or updated. ║
    ║ Please run the following command to download new browsers:              ║
    ║                                                                         ║
    ║     npx playwright install                                              ║
    ║                                                                         ║
    ║ <3 Playwright Team                                                      ║
    ╚═════════════════════════════════════════════════════════════════════════╝
]]>
</failure>
</testcase>
</testsuite>
<testsuite name="articles.spec.ts" timestamp="2025-09-17T03:25:40.635Z" hostname="webkit" tests="7" failures="7" skipped="0" time="0.019" errors="0">
<testcase name="文章页面 - 网络条件测试 › 快速网络 - 文章列表加载性能" classname="articles.spec.ts" time="0.003">
<failure message="articles.spec.ts:39:7 快速网络 - 文章列表加载性能" type="FAILURE">
<![CDATA[  [webkit] › articles.spec.ts:39:7 › 文章页面 - 网络条件测试 › 快速网络 - 文章列表加载性能 ───────────────────────────────

    Error: browserType.launch: Executable doesn't exist at /Users/peterpc/Library/Caches/ms-playwright/webkit-2203/pw_run.sh
    ╔═════════════════════════════════════════════════════════════════════════╗
    ║ Looks like Playwright Test or Playwright was just installed or updated. ║
    ║ Please run the following command to download new browsers:              ║
    ║                                                                         ║
    ║     npx playwright install                                              ║
    ║                                                                         ║
    ║ <3 Playwright Team                                                      ║
    ╚═════════════════════════════════════════════════════════════════════════╝
]]>
</failure>
</testcase>
<testcase name="文章页面 - 网络条件测试 › 慢速网络 - 文章列表加载和错误处理" classname="articles.spec.ts" time="0.002">
<failure message="articles.spec.ts:68:7 慢速网络 - 文章列表加载和错误处理" type="FAILURE">
<![CDATA[  [webkit] › articles.spec.ts:68:7 › 文章页面 - 网络条件测试 › 慢速网络 - 文章列表加载和错误处理 ────────────────────────────

    Error: browserType.launch: Executable doesn't exist at /Users/peterpc/Library/Caches/ms-playwright/webkit-2203/pw_run.sh
    ╔═════════════════════════════════════════════════════════════════════════╗
    ║ Looks like Playwright Test or Playwright was just installed or updated. ║
    ║ Please run the following command to download new browsers:              ║
    ║                                                                         ║
    ║     npx playwright install                                              ║
    ║                                                                         ║
    ║ <3 Playwright Team                                                      ║
    ╚═════════════════════════════════════════════════════════════════════════╝
]]>
</failure>
</testcase>
<testcase name="文章页面 - 网络条件测试 › 网络中断 - 离线状态处理" classname="articles.spec.ts" time="0.002">
<failure message="articles.spec.ts:96:7 网络中断 - 离线状态处理" type="FAILURE">
<![CDATA[  [webkit] › articles.spec.ts:96:7 › 文章页面 - 网络条件测试 › 网络中断 - 离线状态处理 ─────────────────────────────────

    Error: browserType.launch: Executable doesn't exist at /Users/peterpc/Library/Caches/ms-playwright/webkit-2203/pw_run.sh
    ╔═════════════════════════════════════════════════════════════════════════╗
    ║ Looks like Playwright Test or Playwright was just installed or updated. ║
    ║ Please run the following command to download new browsers:              ║
    ║                                                                         ║
    ║     npx playwright install                                              ║
    ║                                                                         ║
    ║ <3 Playwright Team                                                      ║
    ╚═════════════════════════════════════════════════════════════════════════╝
]]>
</failure>
</testcase>
<testcase name="文章页面 - 网络条件测试 › 文章详情页 - 网络性能测试" classname="articles.spec.ts" time="0.003">
<failure message="articles.spec.ts:122:7 文章详情页 - 网络性能测试" type="FAILURE">
<![CDATA[  [webkit] › articles.spec.ts:122:7 › 文章页面 - 网络条件测试 › 文章详情页 - 网络性能测试 ───────────────────────────────

    Error: browserType.launch: Executable doesn't exist at /Users/peterpc/Library/Caches/ms-playwright/webkit-2203/pw_run.sh
    ╔═════════════════════════════════════════════════════════════════════════╗
    ║ Looks like Playwright Test or Playwright was just installed or updated. ║
    ║ Please run the following command to download new browsers:              ║
    ║                                                                         ║
    ║     npx playwright install                                              ║
    ║                                                                         ║
    ║ <3 Playwright Team                                                      ║
    ╚═════════════════════════════════════════════════════════════════════════╝
]]>
</failure>
</testcase>
<testcase name="文章页面 - 网络条件测试 › API 重试机制测试" classname="articles.spec.ts" time="0.003">
<failure message="articles.spec.ts:153:7 API 重试机制测试" type="FAILURE">
<![CDATA[  [webkit] › articles.spec.ts:153:7 › 文章页面 - 网络条件测试 › API 重试机制测试 ───────────────────────────────────

    Error: browserType.launch: Executable doesn't exist at /Users/peterpc/Library/Caches/ms-playwright/webkit-2203/pw_run.sh
    ╔═════════════════════════════════════════════════════════════════════════╗
    ║ Looks like Playwright Test or Playwright was just installed or updated. ║
    ║ Please run the following command to download new browsers:              ║
    ║                                                                         ║
    ║     npx playwright install                                              ║
    ║                                                                         ║
    ║ <3 Playwright Team                                                      ║
    ╚═════════════════════════════════════════════════════════════════════════╝
]]>
</failure>
</testcase>
<testcase name="文章页面 - 网络条件测试 › 缓存机制验证" classname="articles.spec.ts" time="0.004">
<failure message="articles.spec.ts:183:7 缓存机制验证" type="FAILURE">
<![CDATA[  [webkit] › articles.spec.ts:183:7 › 文章页面 - 网络条件测试 › 缓存机制验证 ───────────────────────────────────────

    Error: browserType.launch: Executable doesn't exist at /Users/peterpc/Library/Caches/ms-playwright/webkit-2203/pw_run.sh
    ╔═════════════════════════════════════════════════════════════════════════╗
    ║ Looks like Playwright Test or Playwright was just installed or updated. ║
    ║ Please run the following command to download new browsers:              ║
    ║                                                                         ║
    ║     npx playwright install                                              ║
    ║                                                                         ║
    ║ <3 Playwright Team                                                      ║
    ╚═════════════════════════════════════════════════════════════════════════╝
]]>
</failure>
</testcase>
<testcase name="文章页面 - 网络条件测试 › 响应式设计 - 移动端性能" classname="articles.spec.ts" time="0.002">
<failure message="articles.spec.ts:206:7 响应式设计 - 移动端性能" type="FAILURE">
<![CDATA[  [webkit] › articles.spec.ts:206:7 › 文章页面 - 网络条件测试 › 响应式设计 - 移动端性能 ────────────────────────────────

    Error: browserType.launch: Executable doesn't exist at /Users/peterpc/Library/Caches/ms-playwright/webkit-2203/pw_run.sh
    ╔═════════════════════════════════════════════════════════════════════════╗
    ║ Looks like Playwright Test or Playwright was just installed or updated. ║
    ║ Please run the following command to download new browsers:              ║
    ║                                                                         ║
    ║     npx playwright install                                              ║
    ║                                                                         ║
    ║ <3 Playwright Team                                                      ║
    ╚═════════════════════════════════════════════════════════════════════════╝
]]>
</failure>
</testcase>
</testsuite>
<testsuite name="articles.spec.ts" timestamp="2025-09-17T03:25:40.635Z" hostname="Mobile Chrome" tests="7" failures="7" skipped="0" time="0.016" errors="0">
<testcase name="文章页面 - 网络条件测试 › 快速网络 - 文章列表加载性能" classname="articles.spec.ts" time="0.001">
<failure message="articles.spec.ts:39:7 快速网络 - 文章列表加载性能" type="FAILURE">
<![CDATA[  [Mobile Chrome] › articles.spec.ts:39:7 › 文章页面 - 网络条件测试 › 快速网络 - 文章列表加载性能 ────────────────────────

    Error: browserType.launch: Executable doesn't exist at /Users/peterpc/Library/Caches/ms-playwright/chromium_headless_shell-1187/chrome-mac/headless_shell
    ╔═════════════════════════════════════════════════════════════════════════╗
    ║ Looks like Playwright Test or Playwright was just installed or updated. ║
    ║ Please run the following command to download new browsers:              ║
    ║                                                                         ║
    ║     npx playwright install                                              ║
    ║                                                                         ║
    ║ <3 Playwright Team                                                      ║
    ╚═════════════════════════════════════════════════════════════════════════╝
]]>
</failure>
</testcase>
<testcase name="文章页面 - 网络条件测试 › 慢速网络 - 文章列表加载和错误处理" classname="articles.spec.ts" time="0.002">
<failure message="articles.spec.ts:68:7 慢速网络 - 文章列表加载和错误处理" type="FAILURE">
<![CDATA[  [Mobile Chrome] › articles.spec.ts:68:7 › 文章页面 - 网络条件测试 › 慢速网络 - 文章列表加载和错误处理 ─────────────────────

    Error: browserType.launch: Executable doesn't exist at /Users/peterpc/Library/Caches/ms-playwright/chromium_headless_shell-1187/chrome-mac/headless_shell
    ╔═════════════════════════════════════════════════════════════════════════╗
    ║ Looks like Playwright Test or Playwright was just installed or updated. ║
    ║ Please run the following command to download new browsers:              ║
    ║                                                                         ║
    ║     npx playwright install                                              ║
    ║                                                                         ║
    ║ <3 Playwright Team                                                      ║
    ╚═════════════════════════════════════════════════════════════════════════╝
]]>
</failure>
</testcase>
<testcase name="文章页面 - 网络条件测试 › 网络中断 - 离线状态处理" classname="articles.spec.ts" time="0.003">
<failure message="articles.spec.ts:96:7 网络中断 - 离线状态处理" type="FAILURE">
<![CDATA[  [Mobile Chrome] › articles.spec.ts:96:7 › 文章页面 - 网络条件测试 › 网络中断 - 离线状态处理 ──────────────────────────

    Error: browserType.launch: Executable doesn't exist at /Users/peterpc/Library/Caches/ms-playwright/chromium_headless_shell-1187/chrome-mac/headless_shell
    ╔═════════════════════════════════════════════════════════════════════════╗
    ║ Looks like Playwright Test or Playwright was just installed or updated. ║
    ║ Please run the following command to download new browsers:              ║
    ║                                                                         ║
    ║     npx playwright install                                              ║
    ║                                                                         ║
    ║ <3 Playwright Team                                                      ║
    ╚═════════════════════════════════════════════════════════════════════════╝
]]>
</failure>
</testcase>
<testcase name="文章页面 - 网络条件测试 › 文章详情页 - 网络性能测试" classname="articles.spec.ts" time="0.002">
<failure message="articles.spec.ts:122:7 文章详情页 - 网络性能测试" type="FAILURE">
<![CDATA[  [Mobile Chrome] › articles.spec.ts:122:7 › 文章页面 - 网络条件测试 › 文章详情页 - 网络性能测试 ────────────────────────

    Error: browserType.launch: Executable doesn't exist at /Users/peterpc/Library/Caches/ms-playwright/chromium_headless_shell-1187/chrome-mac/headless_shell
    ╔═════════════════════════════════════════════════════════════════════════╗
    ║ Looks like Playwright Test or Playwright was just installed or updated. ║
    ║ Please run the following command to download new browsers:              ║
    ║                                                                         ║
    ║     npx playwright install                                              ║
    ║                                                                         ║
    ║ <3 Playwright Team                                                      ║
    ╚═════════════════════════════════════════════════════════════════════════╝
]]>
</failure>
</testcase>
<testcase name="文章页面 - 网络条件测试 › API 重试机制测试" classname="articles.spec.ts" time="0.003">
<failure message="articles.spec.ts:153:7 API 重试机制测试" type="FAILURE">
<![CDATA[  [Mobile Chrome] › articles.spec.ts:153:7 › 文章页面 - 网络条件测试 › API 重试机制测试 ────────────────────────────

    Error: browserType.launch: Executable doesn't exist at /Users/peterpc/Library/Caches/ms-playwright/chromium_headless_shell-1187/chrome-mac/headless_shell
    ╔═════════════════════════════════════════════════════════════════════════╗
    ║ Looks like Playwright Test or Playwright was just installed or updated. ║
    ║ Please run the following command to download new browsers:              ║
    ║                                                                         ║
    ║     npx playwright install                                              ║
    ║                                                                         ║
    ║ <3 Playwright Team                                                      ║
    ╚═════════════════════════════════════════════════════════════════════════╝
]]>
</failure>
</testcase>
<testcase name="文章页面 - 网络条件测试 › 缓存机制验证" classname="articles.spec.ts" time="0.003">
<failure message="articles.spec.ts:183:7 缓存机制验证" type="FAILURE">
<![CDATA[  [Mobile Chrome] › articles.spec.ts:183:7 › 文章页面 - 网络条件测试 › 缓存机制验证 ────────────────────────────────

    Error: browserType.launch: Executable doesn't exist at /Users/peterpc/Library/Caches/ms-playwright/chromium_headless_shell-1187/chrome-mac/headless_shell
    ╔═════════════════════════════════════════════════════════════════════════╗
    ║ Looks like Playwright Test or Playwright was just installed or updated. ║
    ║ Please run the following command to download new browsers:              ║
    ║                                                                         ║
    ║     npx playwright install                                              ║
    ║                                                                         ║
    ║ <3 Playwright Team                                                      ║
    ╚═════════════════════════════════════════════════════════════════════════╝
]]>
</failure>
</testcase>
<testcase name="文章页面 - 网络条件测试 › 响应式设计 - 移动端性能" classname="articles.spec.ts" time="0.002">
<failure message="articles.spec.ts:206:7 响应式设计 - 移动端性能" type="FAILURE">
<![CDATA[  [Mobile Chrome] › articles.spec.ts:206:7 › 文章页面 - 网络条件测试 › 响应式设计 - 移动端性能 ─────────────────────────

    Error: browserType.launch: Executable doesn't exist at /Users/peterpc/Library/Caches/ms-playwright/chromium_headless_shell-1187/chrome-mac/headless_shell
    ╔═════════════════════════════════════════════════════════════════════════╗
    ║ Looks like Playwright Test or Playwright was just installed or updated. ║
    ║ Please run the following command to download new browsers:              ║
    ║                                                                         ║
    ║     npx playwright install                                              ║
    ║                                                                         ║
    ║ <3 Playwright Team                                                      ║
    ╚═════════════════════════════════════════════════════════════════════════╝
]]>
</failure>
</testcase>
</testsuite>
<testsuite name="articles.spec.ts" timestamp="2025-09-17T03:25:40.635Z" hostname="Mobile Safari" tests="7" failures="7" skipped="0" time="0.019" errors="0">
<testcase name="文章页面 - 网络条件测试 › 快速网络 - 文章列表加载性能" classname="articles.spec.ts" time="0.002">
<failure message="articles.spec.ts:39:7 快速网络 - 文章列表加载性能" type="FAILURE">
<![CDATA[  [Mobile Safari] › articles.spec.ts:39:7 › 文章页面 - 网络条件测试 › 快速网络 - 文章列表加载性能 ────────────────────────

    Error: browserType.launch: Executable doesn't exist at /Users/peterpc/Library/Caches/ms-playwright/webkit-2203/pw_run.sh
    ╔═════════════════════════════════════════════════════════════════════════╗
    ║ Looks like Playwright Test or Playwright was just installed or updated. ║
    ║ Please run the following command to download new browsers:              ║
    ║                                                                         ║
    ║     npx playwright install                                              ║
    ║                                                                         ║
    ║ <3 Playwright Team                                                      ║
    ╚═════════════════════════════════════════════════════════════════════════╝
]]>
</failure>
</testcase>
<testcase name="文章页面 - 网络条件测试 › 慢速网络 - 文章列表加载和错误处理" classname="articles.spec.ts" time="0.002">
<failure message="articles.spec.ts:68:7 慢速网络 - 文章列表加载和错误处理" type="FAILURE">
<![CDATA[  [Mobile Safari] › articles.spec.ts:68:7 › 文章页面 - 网络条件测试 › 慢速网络 - 文章列表加载和错误处理 ─────────────────────

    Error: browserType.launch: Executable doesn't exist at /Users/peterpc/Library/Caches/ms-playwright/webkit-2203/pw_run.sh
    ╔═════════════════════════════════════════════════════════════════════════╗
    ║ Looks like Playwright Test or Playwright was just installed or updated. ║
    ║ Please run the following command to download new browsers:              ║
    ║                                                                         ║
    ║     npx playwright install                                              ║
    ║                                                                         ║
    ║ <3 Playwright Team                                                      ║
    ╚═════════════════════════════════════════════════════════════════════════╝
]]>
</failure>
</testcase>
<testcase name="文章页面 - 网络条件测试 › 网络中断 - 离线状态处理" classname="articles.spec.ts" time="0.001">
<failure message="articles.spec.ts:96:7 网络中断 - 离线状态处理" type="FAILURE">
<![CDATA[  [Mobile Safari] › articles.spec.ts:96:7 › 文章页面 - 网络条件测试 › 网络中断 - 离线状态处理 ──────────────────────────

    Error: browserType.launch: Executable doesn't exist at /Users/peterpc/Library/Caches/ms-playwright/webkit-2203/pw_run.sh
    ╔═════════════════════════════════════════════════════════════════════════╗
    ║ Looks like Playwright Test or Playwright was just installed or updated. ║
    ║ Please run the following command to download new browsers:              ║
    ║                                                                         ║
    ║     npx playwright install                                              ║
    ║                                                                         ║
    ║ <3 Playwright Team                                                      ║
    ╚═════════════════════════════════════════════════════════════════════════╝
]]>
</failure>
</testcase>
<testcase name="文章页面 - 网络条件测试 › 文章详情页 - 网络性能测试" classname="articles.spec.ts" time="0.003">
<failure message="articles.spec.ts:122:7 文章详情页 - 网络性能测试" type="FAILURE">
<![CDATA[  [Mobile Safari] › articles.spec.ts:122:7 › 文章页面 - 网络条件测试 › 文章详情页 - 网络性能测试 ────────────────────────

    Error: browserType.launch: Executable doesn't exist at /Users/peterpc/Library/Caches/ms-playwright/webkit-2203/pw_run.sh
    ╔═════════════════════════════════════════════════════════════════════════╗
    ║ Looks like Playwright Test or Playwright was just installed or updated. ║
    ║ Please run the following command to download new browsers:              ║
    ║                                                                         ║
    ║     npx playwright install                                              ║
    ║                                                                         ║
    ║ <3 Playwright Team                                                      ║
    ╚═════════════════════════════════════════════════════════════════════════╝
]]>
</failure>
</testcase>
<testcase name="文章页面 - 网络条件测试 › API 重试机制测试" classname="articles.spec.ts" time="0.002">
<failure message="articles.spec.ts:153:7 API 重试机制测试" type="FAILURE">
<![CDATA[  [Mobile Safari] › articles.spec.ts:153:7 › 文章页面 - 网络条件测试 › API 重试机制测试 ────────────────────────────

    Error: browserType.launch: Executable doesn't exist at /Users/peterpc/Library/Caches/ms-playwright/webkit-2203/pw_run.sh
    ╔═════════════════════════════════════════════════════════════════════════╗
    ║ Looks like Playwright Test or Playwright was just installed or updated. ║
    ║ Please run the following command to download new browsers:              ║
    ║                                                                         ║
    ║     npx playwright install                                              ║
    ║                                                                         ║
    ║ <3 Playwright Team                                                      ║
    ╚═════════════════════════════════════════════════════════════════════════╝
]]>
</failure>
</testcase>
<testcase name="文章页面 - 网络条件测试 › 缓存机制验证" classname="articles.spec.ts" time="0.002">
<failure message="articles.spec.ts:183:7 缓存机制验证" type="FAILURE">
<![CDATA[  [Mobile Safari] › articles.spec.ts:183:7 › 文章页面 - 网络条件测试 › 缓存机制验证 ────────────────────────────────

    Error: browserType.launch: Executable doesn't exist at /Users/peterpc/Library/Caches/ms-playwright/webkit-2203/pw_run.sh
    ╔═════════════════════════════════════════════════════════════════════════╗
    ║ Looks like Playwright Test or Playwright was just installed or updated. ║
    ║ Please run the following command to download new browsers:              ║
    ║                                                                         ║
    ║     npx playwright install                                              ║
    ║                                                                         ║
    ║ <3 Playwright Team                                                      ║
    ╚═════════════════════════════════════════════════════════════════════════╝
]]>
</failure>
</testcase>
<testcase name="文章页面 - 网络条件测试 › 响应式设计 - 移动端性能" classname="articles.spec.ts" time="0.007">
<failure message="articles.spec.ts:206:7 响应式设计 - 移动端性能" type="FAILURE">
<![CDATA[  [Mobile Safari] › articles.spec.ts:206:7 › 文章页面 - 网络条件测试 › 响应式设计 - 移动端性能 ─────────────────────────

    Error: browserType.launch: Executable doesn't exist at /Users/peterpc/Library/Caches/ms-playwright/webkit-2203/pw_run.sh
    ╔═════════════════════════════════════════════════════════════════════════╗
    ║ Looks like Playwright Test or Playwright was just installed or updated. ║
    ║ Please run the following command to download new browsers:              ║
    ║                                                                         ║
    ║     npx playwright install                                              ║
    ║                                                                         ║
    ║ <3 Playwright Team                                                      ║
    ╚═════════════════════════════════════════════════════════════════════════╝
]]>
</failure>
</testcase>
</testsuite>
</testsuites>